Using device: cuda  |  mode: train
Vocab size: 103
RNN config for small: {'n_layers': 2, 'd_model': 448}
RNN small has 3,265,472 trainable parameters
GPU memory at start: 12.46 MB
Loading datasets (memmap)...
Train effective tokens: 117,599,999
Tokens per step:        16,384
Steps per epoch:        7,177
Starting training for exactly 1 epoch
Step 50/7177  loss 3.0087  lr 0.000043
Step 100/7177  loss 2.1276  lr 0.000085
Step 150/7177  loss 1.9256  lr 0.000127
Step 200/7177  loss 1.5481  lr 0.000168
[eval] step 200  val_loss 1.6499
Step 250/7177  loss 1.4355  lr 0.000210
Step 300/7177  loss 1.5588  lr 0.000252
Step 350/7177  loss 1.5588  lr 0.000294
Step 400/7177  loss 1.7275  lr 0.000300
[eval] step 400  val_loss 1.4188
Step 450/7177  loss 1.2395  lr 0.000300
Step 500/7177  loss 1.4682  lr 0.000300
Step 550/7177  loss 1.2148  lr 0.000299
Step 600/7177  loss 1.4154  lr 0.000299
[eval] step 600  val_loss 1.2938
Step 650/7177  loss 1.3777  lr 0.000299
Step 700/7177  loss 1.2606  lr 0.000298
Step 750/7177  loss 1.3289  lr 0.000298
Step 800/7177  loss 1.2260  lr 0.000297
[eval] step 800  val_loss 1.2675
Step 850/7177  loss 1.3570  lr 0.000296
Step 900/7177  loss 1.3150  lr 0.000295
Step 950/7177  loss 1.5438  lr 0.000294
Step 1000/7177  loss 1.1076  lr 0.000293
[eval] step 1000  val_loss 1.1944
Step 1050/7177  loss 1.1237  lr 0.000292
Step 1100/7177  loss 1.3825  lr 0.000291
Step 1150/7177  loss 1.1262  lr 0.000290
Step 1200/7177  loss 1.1693  lr 0.000289
[eval] step 1200  val_loss 1.1580
Step 1250/7177  loss 1.0587  lr 0.000288
Step 1300/7177  loss 1.0908  lr 0.000286
Step 1350/7177  loss 1.2484  lr 0.000285
Step 1400/7177  loss 0.9698  lr 0.000283
[eval] step 1400  val_loss 1.1305
Step 1450/7177  loss 1.1961  lr 0.000281
Step 1500/7177  loss 1.0835  lr 0.000280
Step 1550/7177  loss 1.2889  lr 0.000278
Step 1600/7177  loss 1.1246  lr 0.000276
[eval] step 1600  val_loss 1.1104
Step 1650/7177  loss 1.0724  lr 0.000274
Step 1700/7177  loss 1.0597  lr 0.000272
Step 1750/7177  loss 0.9402  lr 0.000270
Step 1800/7177  loss 1.1454  lr 0.000268
[eval] step 1800  val_loss 1.0884
Step 1850/7177  loss 0.9055  lr 0.000266
Step 1900/7177  loss 1.0045  lr 0.000264
Step 1950/7177  loss 1.0317  lr 0.000261
Step 2000/7177  loss 1.0361  lr 0.000259
[eval] step 2000  val_loss 1.0574
Step 2050/7177  loss 1.0624  lr 0.000257
Step 2100/7177  loss 0.9714  lr 0.000254
Step 2150/7177  loss 1.1077  lr 0.000252
Step 2200/7177  loss 1.0050  lr 0.000249
[eval] step 2200  val_loss 1.0438
Step 2250/7177  loss 0.9752  lr 0.000247
Step 2300/7177  loss 0.8076  lr 0.000244
Step 2350/7177  loss 0.9952  lr 0.000241
Step 2400/7177  loss 0.8939  lr 0.000238
[eval] step 2400  val_loss 1.0452
Step 2450/7177  loss 1.0287  lr 0.000236
Step 2500/7177  loss 0.8737  lr 0.000233
Step 2550/7177  loss 1.0105  lr 0.000230
Step 2600/7177  loss 0.7629  lr 0.000227
[eval] step 2600  val_loss 1.0061
Step 2650/7177  loss 0.9392  lr 0.000224
Step 2700/7177  loss 0.9851  lr 0.000221
Step 2750/7177  loss 0.9414  lr 0.000218
Step 2800/7177  loss 0.9946  lr 0.000215
[eval] step 2800  val_loss 0.9914
Step 2850/7177  loss 0.8015  lr 0.000212
Step 2900/7177  loss 1.0152  lr 0.000208
Step 2950/7177  loss 0.8402  lr 0.000205
Step 3000/7177  loss 1.1778  lr 0.000202
[eval] step 3000  val_loss 0.9822
Step 3050/7177  loss 0.9105  lr 0.000199
Step 3100/7177  loss 0.9940  lr 0.000195
Step 3150/7177  loss 1.0550  lr 0.000192
Step 3200/7177  loss 0.9911  lr 0.000189
[eval] step 3200  val_loss 0.9781
Step 3250/7177  loss 0.8886  lr 0.000185
Step 3300/7177  loss 0.7278  lr 0.000182
Step 3350/7177  loss 1.0443  lr 0.000179
Step 3400/7177  loss 1.0990  lr 0.000175
[eval] step 3400  val_loss 0.9605
Step 3450/7177  loss 0.8513  lr 0.000172
Step 3500/7177  loss 1.0397  lr 0.000168
Step 3550/7177  loss 1.0942  lr 0.000165
Step 3600/7177  loss 0.9358  lr 0.000162
[eval] step 3600  val_loss 0.9488
Step 3650/7177  loss 0.9795  lr 0.000158
Step 3700/7177  loss 0.8839  lr 0.000155
Step 3750/7177  loss 0.7739  lr 0.000151
Step 3800/7177  loss 0.9260  lr 0.000148
[eval] step 3800  val_loss 0.9452
Step 3850/7177  loss 0.9688  lr 0.000144
Step 3900/7177  loss 0.8142  lr 0.000141
Step 3950/7177  loss 1.0896  lr 0.000137
Step 4000/7177  loss 0.7230  lr 0.000134
[eval] step 4000  val_loss 0.9349
Step 4050/7177  loss 1.0035  lr 0.000131
Step 4100/7177  loss 0.7901  lr 0.000127
Step 4150/7177  loss 0.8194  lr 0.000124
Step 4200/7177  loss 0.8476  lr 0.000120
[eval] step 4200  val_loss 0.9305
Step 4250/7177  loss 0.9083  lr 0.000117
Step 4300/7177  loss 0.9924  lr 0.000114
Step 4350/7177  loss 0.9653  lr 0.000110
Step 4400/7177  loss 0.7659  lr 0.000107
[eval] step 4400  val_loss 0.9226
Step 4450/7177  loss 0.8841  lr 0.000104
Step 4500/7177  loss 0.9264  lr 0.000100
Step 4550/7177  loss 0.8689  lr 0.000097
Step 4600/7177  loss 0.9869  lr 0.000094
[eval] step 4600  val_loss 0.9179
Step 4650/7177  loss 1.0782  lr 0.000091
Step 4700/7177  loss 0.9668  lr 0.000088
Step 4750/7177  loss 1.2443  lr 0.000084
Step 4800/7177  loss 0.8216  lr 0.000081
[eval] step 4800  val_loss 0.9124
Step 4850/7177  loss 0.9359  lr 0.000078
Step 4900/7177  loss 0.9881  lr 0.000075
Step 4950/7177  loss 0.7601  lr 0.000072
Step 5000/7177  loss 1.0483  lr 0.000069
[eval] step 5000  val_loss 0.9073
Step 5050/7177  loss 0.9976  lr 0.000066
Step 5100/7177  loss 0.8155  lr 0.000064
Step 5150/7177  loss 0.9905  lr 0.000061
Step 5200/7177  loss 0.9805  lr 0.000058
[eval] step 5200  val_loss 0.8991
Step 5250/7177  loss 0.8599  lr 0.000055
Step 5300/7177  loss 1.1063  lr 0.000053
Step 5350/7177  loss 0.6615  lr 0.000050
Step 5400/7177  loss 0.8711  lr 0.000048
[eval] step 5400  val_loss 0.8961
Step 5450/7177  loss 0.9104  lr 0.000045
Step 5500/7177  loss 0.9495  lr 0.000043
Step 5550/7177  loss 0.8198  lr 0.000040
Step 5600/7177  loss 0.7459  lr 0.000038
[eval] step 5600  val_loss 0.8935
Step 5650/7177  loss 0.9493  lr 0.000036
Step 5700/7177  loss 0.9823  lr 0.000033
Step 5750/7177  loss 0.8884  lr 0.000031
Step 5800/7177  loss 0.8407  lr 0.000029
[eval] step 5800  val_loss 0.8905
Step 5850/7177  loss 0.9037  lr 0.000027
Step 5900/7177  loss 1.0123  lr 0.000025
Step 5950/7177  loss 0.8398  lr 0.000023
Step 6000/7177  loss 0.9392  lr 0.000022
[eval] step 6000  val_loss 0.8875
Step 6050/7177  loss 0.8768  lr 0.000020
Step 6100/7177  loss 0.8619  lr 0.000018
Step 6150/7177  loss 0.8627  lr 0.000016
Step 6200/7177  loss 0.8981  lr 0.000015
[eval] step 6200  val_loss 0.8861
Step 6250/7177  loss 1.0937  lr 0.000013
Step 6300/7177  loss 1.0411  lr 0.000012
Step 6350/7177  loss 0.9266  lr 0.000011
Step 6400/7177  loss 0.9324  lr 0.000010
[eval] step 6400  val_loss 0.8847
Step 6450/7177  loss 0.8135  lr 0.000008
Step 6500/7177  loss 0.8745  lr 0.000007
Step 6550/7177  loss 0.9242  lr 0.000006
Step 6600/7177  loss 0.8864  lr 0.000005
[eval] step 6600  val_loss 0.8822
Step 6650/7177  loss 1.0284  lr 0.000004
Step 6700/7177  loss 0.7810  lr 0.000004
Step 6750/7177  loss 0.9483  lr 0.000003
Step 6800/7177  loss 0.7370  lr 0.000002
[eval] step 6800  val_loss 0.8819
Step 6850/7177  loss 0.9321  lr 0.000002
Step 6900/7177  loss 0.9360  lr 0.000001
Step 6950/7177  loss 0.7968  lr 0.000001
Step 7000/7177  loss 0.8459  lr 0.000000
[eval] step 7000  val_loss 0.8819
Step 7050/7177  loss 0.9394  lr 0.000000
Step 7100/7177  loss 0.8261  lr 0.000000
Step 7150/7177  loss 0.8729  lr 0.000000
[eval] step 7177  val_loss 0.8816
===========================================
RNN model name:       small
Parameters:           3,265,472
Final val loss:       0.8816
Steps in 1 epoch:     7177
Total train tokens:   117,587,968
Wall clock seconds:   108.1
Wall clock minutes:   1.8
GPU memory start:     12.46 MB
GPU memory end:       126.71 MB
GPU memory peak:      819.06 MB
===========================================
