Using device: cuda  |  mode: train
Vocab size: 103
RNN config for medium: {'n_layers': 2, 'd_model': 816}
RNN medium has 10,752,432 trainable parameters
GPU memory at start: 41.02 MB
Loading datasets (memmap)...
Train effective tokens: 117,599,999
Tokens per step:        16,384
Steps per epoch:        7,177
Starting training for exactly 1 epoch
Step 50/7177  loss 2.4763  lr 0.000043
Step 100/7177  loss 1.8650  lr 0.000085
Step 150/7177  loss 1.8128  lr 0.000127
Step 200/7177  loss 1.4283  lr 0.000168
[eval] step 200  val_loss 1.5298
Step 250/7177  loss 1.3919  lr 0.000210
Step 300/7177  loss 1.5634  lr 0.000252
Step 350/7177  loss 1.5346  lr 0.000294
Step 400/7177  loss 1.6471  lr 0.000300
[eval] step 400  val_loss 1.4417
Step 450/7177  loss 1.2125  lr 0.000300
Step 500/7177  loss 1.5172  lr 0.000300
Step 550/7177  loss 1.2013  lr 0.000299
Step 600/7177  loss 1.3996  lr 0.000299
[eval] step 600  val_loss 1.2923
Step 650/7177  loss 1.3784  lr 0.000299
Step 700/7177  loss 1.2892  lr 0.000298
Step 750/7177  loss 1.3107  lr 0.000298
Step 800/7177  loss 1.1883  lr 0.000297
[eval] step 800  val_loss 1.2319
Step 850/7177  loss 1.3327  lr 0.000296
Step 900/7177  loss 1.2796  lr 0.000295
Step 950/7177  loss 1.4967  lr 0.000294
Step 1000/7177  loss 1.0553  lr 0.000293
[eval] step 1000  val_loss 1.1608
Step 1050/7177  loss 1.0876  lr 0.000292
Step 1100/7177  loss 1.3544  lr 0.000291
Step 1150/7177  loss 1.0693  lr 0.000290
Step 1200/7177  loss 1.1218  lr 0.000289
[eval] step 1200  val_loss 1.1200
Step 1250/7177  loss 1.0199  lr 0.000288
Step 1300/7177  loss 1.0254  lr 0.000286
Step 1350/7177  loss 1.1947  lr 0.000285
Step 1400/7177  loss 0.9429  lr 0.000283
[eval] step 1400  val_loss 1.0859
Step 1450/7177  loss 1.1569  lr 0.000281
Step 1500/7177  loss 1.0132  lr 0.000280
Step 1550/7177  loss 1.2131  lr 0.000278
Step 1600/7177  loss 1.0842  lr 0.000276
[eval] step 1600  val_loss 1.0567
Step 1650/7177  loss 1.0166  lr 0.000274
Step 1700/7177  loss 1.0025  lr 0.000272
Step 1750/7177  loss 0.8742  lr 0.000270
Step 1800/7177  loss 1.0822  lr 0.000268
[eval] step 1800  val_loss 1.0256
Step 1850/7177  loss 0.8451  lr 0.000266
Step 1900/7177  loss 0.9341  lr 0.000264
Step 1950/7177  loss 0.9907  lr 0.000261
Step 2000/7177  loss 0.9591  lr 0.000259
[eval] step 2000  val_loss 0.9938
Step 2050/7177  loss 1.0145  lr 0.000257
Step 2100/7177  loss 0.9131  lr 0.000254
Step 2150/7177  loss 1.0311  lr 0.000252
Step 2200/7177  loss 0.9213  lr 0.000249
[eval] step 2200  val_loss 0.9846
Step 2250/7177  loss 0.9041  lr 0.000247
Step 2300/7177  loss 0.7420  lr 0.000244
Step 2350/7177  loss 0.9299  lr 0.000241
Step 2400/7177  loss 0.8139  lr 0.000238
[eval] step 2400  val_loss 0.9740
Step 2450/7177  loss 0.9566  lr 0.000236
Step 2500/7177  loss 0.7997  lr 0.000233
Step 2550/7177  loss 0.9348  lr 0.000230
Step 2600/7177  loss 0.6861  lr 0.000227
[eval] step 2600  val_loss 0.9359
Step 2650/7177  loss 0.8712  lr 0.000224
Step 2700/7177  loss 0.9065  lr 0.000221
Step 2750/7177  loss 0.8435  lr 0.000218
Step 2800/7177  loss 0.9049  lr 0.000215
[eval] step 2800  val_loss 0.9228
Step 2850/7177  loss 0.7519  lr 0.000212
Step 2900/7177  loss 0.9442  lr 0.000208
Step 2950/7177  loss 0.7835  lr 0.000205
Step 3000/7177  loss 1.0848  lr 0.000202
[eval] step 3000  val_loss 0.9034
Step 3050/7177  loss 0.8344  lr 0.000199
Step 3100/7177  loss 0.8853  lr 0.000195
Step 3150/7177  loss 0.9608  lr 0.000192
Step 3200/7177  loss 0.9076  lr 0.000189
[eval] step 3200  val_loss 0.9010
Step 3250/7177  loss 0.8081  lr 0.000185
Step 3300/7177  loss 0.6586  lr 0.000182
Step 3350/7177  loss 0.9540  lr 0.000179
Step 3400/7177  loss 1.0073  lr 0.000175
[eval] step 3400  val_loss 0.8860
Step 3450/7177  loss 0.7722  lr 0.000172
Step 3500/7177  loss 0.9497  lr 0.000168
Step 3550/7177  loss 1.0039  lr 0.000165
Step 3600/7177  loss 0.8445  lr 0.000162
[eval] step 3600  val_loss 0.8732
Step 3650/7177  loss 0.8932  lr 0.000158
Step 3700/7177  loss 0.8089  lr 0.000155
Step 3750/7177  loss 0.7034  lr 0.000151
Step 3800/7177  loss 0.8495  lr 0.000148
[eval] step 3800  val_loss 0.8651
Step 3850/7177  loss 0.8917  lr 0.000144
Step 3900/7177  loss 0.7555  lr 0.000141
Step 3950/7177  loss 0.9909  lr 0.000137
Step 4000/7177  loss 0.6373  lr 0.000134
[eval] step 4000  val_loss 0.8559
Step 4050/7177  loss 0.8924  lr 0.000131
Step 4100/7177  loss 0.7106  lr 0.000127
Step 4150/7177  loss 0.7472  lr 0.000124
Step 4200/7177  loss 0.7759  lr 0.000120
[eval] step 4200  val_loss 0.8517
Step 4250/7177  loss 0.8339  lr 0.000117
Step 4300/7177  loss 0.9057  lr 0.000114
Step 4350/7177  loss 0.8577  lr 0.000110
Step 4400/7177  loss 0.6936  lr 0.000107
[eval] step 4400  val_loss 0.8433
Step 4450/7177  loss 0.8054  lr 0.000104
Step 4500/7177  loss 0.8364  lr 0.000100
Step 4550/7177  loss 0.7919  lr 0.000097
Step 4600/7177  loss 0.8926  lr 0.000094
[eval] step 4600  val_loss 0.8360
Step 4650/7177  loss 0.9964  lr 0.000091
Step 4700/7177  loss 0.8735  lr 0.000088
Step 4750/7177  loss 1.1263  lr 0.000084
Step 4800/7177  loss 0.7433  lr 0.000081
[eval] step 4800  val_loss 0.8294
Step 4850/7177  loss 0.8496  lr 0.000078
Step 4900/7177  loss 0.8889  lr 0.000075
Step 4950/7177  loss 0.6624  lr 0.000072
Step 5000/7177  loss 0.9372  lr 0.000069
[eval] step 5000  val_loss 0.8269
Step 5050/7177  loss 0.9167  lr 0.000066
Step 5100/7177  loss 0.7383  lr 0.000064
Step 5150/7177  loss 0.8650  lr 0.000061
Step 5200/7177  loss 0.9197  lr 0.000058
[eval] step 5200  val_loss 0.8178
Step 5250/7177  loss 0.7775  lr 0.000055
Step 5300/7177  loss 1.0177  lr 0.000053
Step 5350/7177  loss 0.6037  lr 0.000050
Step 5400/7177  loss 0.7806  lr 0.000048
[eval] step 5400  val_loss 0.8124
Step 5450/7177  loss 0.8381  lr 0.000045
Step 5500/7177  loss 0.8701  lr 0.000043
Step 5550/7177  loss 0.7382  lr 0.000040
Step 5600/7177  loss 0.6612  lr 0.000038
[eval] step 5600  val_loss 0.8089
Step 5650/7177  loss 0.8549  lr 0.000036
Step 5700/7177  loss 0.8788  lr 0.000033
Step 5750/7177  loss 0.7819  lr 0.000031
Step 5800/7177  loss 0.7606  lr 0.000029
[eval] step 5800  val_loss 0.8064
Step 5850/7177  loss 0.8121  lr 0.000027
Step 5900/7177  loss 0.9313  lr 0.000025
Step 5950/7177  loss 0.7618  lr 0.000023
Step 6000/7177  loss 0.8231  lr 0.000022
[eval] step 6000  val_loss 0.8025
Step 6050/7177  loss 0.7771  lr 0.000020
Step 6100/7177  loss 0.7551  lr 0.000018
Step 6150/7177  loss 0.7825  lr 0.000016
Step 6200/7177  loss 0.8020  lr 0.000015
[eval] step 6200  val_loss 0.8011
Step 6250/7177  loss 0.9810  lr 0.000013
Step 6300/7177  loss 0.9280  lr 0.000012
Step 6350/7177  loss 0.8288  lr 0.000011
Step 6400/7177  loss 0.8245  lr 0.000010
[eval] step 6400  val_loss 0.7992
Step 6450/7177  loss 0.7268  lr 0.000008
Step 6500/7177  loss 0.8058  lr 0.000007
Step 6550/7177  loss 0.8326  lr 0.000006
Step 6600/7177  loss 0.7898  lr 0.000005
[eval] step 6600  val_loss 0.7962
Step 6650/7177  loss 0.9248  lr 0.000004
Step 6700/7177  loss 0.6855  lr 0.000004
Step 6750/7177  loss 0.8579  lr 0.000003
Step 6800/7177  loss 0.6729  lr 0.000002
[eval] step 6800  val_loss 0.7959
Step 6850/7177  loss 0.8093  lr 0.000002
Step 6900/7177  loss 0.8404  lr 0.000001
Step 6950/7177  loss 0.7199  lr 0.000001
Step 7000/7177  loss 0.7408  lr 0.000000
[eval] step 7000  val_loss 0.7958
Step 7050/7177  loss 0.8499  lr 0.000000
Step 7100/7177  loss 0.7232  lr 0.000000
Step 7150/7177  loss 0.7819  lr 0.000000
[eval] step 7177  val_loss 0.7956
===========================================
RNN model name:       medium
Parameters:           10,752,432
Final val loss:       0.7956
Steps in 1 epoch:     7177
Total train tokens:   117,587,968
Wall clock seconds:   146.4
Wall clock minutes:   2.4
GPU memory start:     41.02 MB
GPU memory end:       241.15 MB
GPU memory peak:      1491.44 MB
===========================================
