Using device: cuda  |  mode: train
Vocab size: 103
RNN config for xl: {'n_layers': 4, 'd_model': 1632}
RNN xl has 85,453,152 trainable parameters
GPU memory at start: 326.65 MB
Loading datasets (memmap)...
Train effective tokens: 117,599,999
Tokens per step:        16,384
Steps per epoch:        7,177
Starting training for exactly 1 epoch
Step 50/7177  loss 2.9217  lr 0.000043
Step 100/7177  loss 2.2762  lr 0.000085
Step 150/7177  loss 2.0077  lr 0.000127
Step 200/7177  loss 1.5553  lr 0.000168
[eval] step 200  val_loss 1.6840
Step 250/7177  loss 1.5509  lr 0.000210
Step 300/7177  loss 1.7864  lr 0.000252
Step 350/7177  loss 1.6378  lr 0.000294
Step 400/7177  loss 1.8339  lr 0.000300
[eval] step 400  val_loss 1.5501
Step 450/7177  loss 1.3376  lr 0.000300
Step 500/7177  loss 1.5640  lr 0.000300
Step 550/7177  loss 1.2556  lr 0.000299
Step 600/7177  loss 1.5102  lr 0.000299
[eval] step 600  val_loss 1.3753
Step 650/7177  loss 1.5301  lr 0.000299
Step 700/7177  loss 1.3573  lr 0.000298
Step 750/7177  loss 1.4035  lr 0.000298
Step 800/7177  loss 1.2210  lr 0.000297
[eval] step 800  val_loss 1.2996
Step 850/7177  loss 1.4465  lr 0.000296
Step 900/7177  loss 1.3777  lr 0.000295
Step 950/7177  loss 1.5358  lr 0.000294
Step 1000/7177  loss 1.1046  lr 0.000293
[eval] step 1000  val_loss 1.2362
Step 1050/7177  loss 1.1325  lr 0.000292
Step 1100/7177  loss 1.4133  lr 0.000291
Step 1150/7177  loss 1.1051  lr 0.000290
Step 1200/7177  loss 1.1405  lr 0.000289
[eval] step 1200  val_loss 1.1615
Step 1250/7177  loss 1.0106  lr 0.000288
Step 1300/7177  loss 1.0655  lr 0.000286
Step 1350/7177  loss 1.1921  lr 0.000285
Step 1400/7177  loss 1.0046  lr 0.000283
[eval] step 1400  val_loss 1.0941
Step 1450/7177  loss 1.1632  lr 0.000281
Step 1500/7177  loss 1.0311  lr 0.000280
Step 1550/7177  loss 1.2080  lr 0.000278
Step 1600/7177  loss 1.0664  lr 0.000276
[eval] step 1600  val_loss 1.0366
Step 1650/7177  loss 1.0032  lr 0.000274
Step 1700/7177  loss 0.9997  lr 0.000272
Step 1750/7177  loss 0.8695  lr 0.000270
Step 1800/7177  loss 1.0580  lr 0.000268
[eval] step 1800  val_loss 1.0216
Step 1850/7177  loss 0.8310  lr 0.000266
Step 1900/7177  loss 0.9037  lr 0.000264
Step 1950/7177  loss 0.9711  lr 0.000261
Step 2000/7177  loss 0.9094  lr 0.000259
[eval] step 2000  val_loss 0.9729
Step 2050/7177  loss 1.0049  lr 0.000257
Step 2100/7177  loss 0.9187  lr 0.000254
Step 2150/7177  loss 1.0424  lr 0.000252
Step 2200/7177  loss 0.9072  lr 0.000249
[eval] step 2200  val_loss 0.9616
Step 2250/7177  loss 0.8660  lr 0.000247
Step 2300/7177  loss 0.7175  lr 0.000244
Step 2350/7177  loss 0.8994  lr 0.000241
Step 2400/7177  loss 0.7637  lr 0.000238
[eval] step 2400  val_loss 0.9293
Step 2450/7177  loss 0.9259  lr 0.000236
Step 2500/7177  loss 0.7794  lr 0.000233
Step 2550/7177  loss 0.8951  lr 0.000230
Step 2600/7177  loss 0.6508  lr 0.000227
[eval] step 2600  val_loss 0.8919
Step 2650/7177  loss 0.8375  lr 0.000224
Step 2700/7177  loss 0.8459  lr 0.000221
Step 2750/7177  loss 0.7712  lr 0.000218
Step 2800/7177  loss 0.8373  lr 0.000215
[eval] step 2800  val_loss 0.8743
Step 2850/7177  loss 0.7151  lr 0.000212
Step 2900/7177  loss 0.9020  lr 0.000208
Step 2950/7177  loss 0.7238  lr 0.000205
Step 3000/7177  loss 1.0463  lr 0.000202
[eval] step 3000  val_loss 0.8513
Step 3050/7177  loss 0.7819  lr 0.000199
Step 3100/7177  loss 0.8300  lr 0.000195
Step 3150/7177  loss 0.8727  lr 0.000192
Step 3200/7177  loss 0.8571  lr 0.000189
[eval] step 3200  val_loss 0.8422
Step 3250/7177  loss 0.7518  lr 0.000185
Step 3300/7177  loss 0.6169  lr 0.000182
Step 3350/7177  loss 0.8798  lr 0.000179
Step 3400/7177  loss 0.8915  lr 0.000175
[eval] step 3400  val_loss 0.8284
Step 3450/7177  loss 0.7188  lr 0.000172
Step 3500/7177  loss 0.9009  lr 0.000168
Step 3550/7177  loss 0.9330  lr 0.000165
Step 3600/7177  loss 0.7747  lr 0.000162
[eval] step 3600  val_loss 0.8058
Step 3650/7177  loss 0.8225  lr 0.000158
Step 3700/7177  loss 0.7821  lr 0.000155
Step 3750/7177  loss 0.6484  lr 0.000151
Step 3800/7177  loss 0.7760  lr 0.000148
[eval] step 3800  val_loss 0.7949
Step 3850/7177  loss 0.8000  lr 0.000144
Step 3900/7177  loss 0.6898  lr 0.000141
Step 3950/7177  loss 0.9058  lr 0.000137
Step 4000/7177  loss 0.5610  lr 0.000134
[eval] step 4000  val_loss 0.7877
Step 4050/7177  loss 0.7945  lr 0.000131
Step 4100/7177  loss 0.6495  lr 0.000127
Step 4150/7177  loss 0.6824  lr 0.000124
Step 4200/7177  loss 0.6864  lr 0.000120
[eval] step 4200  val_loss 0.7790
Step 4250/7177  loss 0.7686  lr 0.000117
Step 4300/7177  loss 0.8387  lr 0.000114
Step 4350/7177  loss 0.7652  lr 0.000110
Step 4400/7177  loss 0.6247  lr 0.000107
[eval] step 4400  val_loss 0.7667
Step 4450/7177  loss 0.7366  lr 0.000104
Step 4500/7177  loss 0.7360  lr 0.000100
Step 4550/7177  loss 0.7126  lr 0.000097
Step 4600/7177  loss 0.8286  lr 0.000094
[eval] step 4600  val_loss 0.7585
Step 4650/7177  loss 0.9308  lr 0.000091
Step 4700/7177  loss 0.7857  lr 0.000088
Step 4750/7177  loss 1.0281  lr 0.000084
Step 4800/7177  loss 0.6683  lr 0.000081
[eval] step 4800  val_loss 0.7460
Step 4850/7177  loss 0.7753  lr 0.000078
Step 4900/7177  loss 0.7784  lr 0.000075
Step 4950/7177  loss 0.6028  lr 0.000072
Step 5000/7177  loss 0.8251  lr 0.000069
[eval] step 5000  val_loss 0.7418
Step 5050/7177  loss 0.8154  lr 0.000066
Step 5100/7177  loss 0.6412  lr 0.000064
Step 5150/7177  loss 0.7395  lr 0.000061
Step 5200/7177  loss 0.8575  lr 0.000058
[eval] step 5200  val_loss 0.7359
Step 5250/7177  loss 0.6930  lr 0.000055
Step 5300/7177  loss 0.8954  lr 0.000053
Step 5350/7177  loss 0.5416  lr 0.000050
Step 5400/7177  loss 0.6936  lr 0.000048
[eval] step 5400  val_loss 0.7259
Step 5450/7177  loss 0.7514  lr 0.000045
Step 5500/7177  loss 0.8020  lr 0.000043
Step 5550/7177  loss 0.6552  lr 0.000040
Step 5600/7177  loss 0.5717  lr 0.000038
[eval] step 5600  val_loss 0.7212
Step 5650/7177  loss 0.7830  lr 0.000036
Step 5700/7177  loss 0.7658  lr 0.000033
Step 5750/7177  loss 0.6966  lr 0.000031
Step 5800/7177  loss 0.6773  lr 0.000029
[eval] step 5800  val_loss 0.7182
Step 5850/7177  loss 0.7173  lr 0.000027
Step 5900/7177  loss 0.8423  lr 0.000025
Step 5950/7177  loss 0.6322  lr 0.000023
Step 6000/7177  loss 0.7126  lr 0.000022
[eval] step 6000  val_loss 0.7116
Step 6050/7177  loss 0.6779  lr 0.000020
Step 6100/7177  loss 0.6524  lr 0.000018
Step 6150/7177  loss 0.6876  lr 0.000016
Step 6200/7177  loss 0.7126  lr 0.000015
[eval] step 6200  val_loss 0.7087
Step 6250/7177  loss 0.8578  lr 0.000013
Step 6300/7177  loss 0.8208  lr 0.000012
Step 6350/7177  loss 0.7227  lr 0.000011
Step 6400/7177  loss 0.7163  lr 0.000010
[eval] step 6400  val_loss 0.7067
Step 6450/7177  loss 0.6250  lr 0.000008
Step 6500/7177  loss 0.7204  lr 0.000007
Step 6550/7177  loss 0.7574  lr 0.000006
Step 6600/7177  loss 0.7041  lr 0.000005
[eval] step 6600  val_loss 0.7033
Step 6650/7177  loss 0.8188  lr 0.000004
Step 6700/7177  loss 0.5722  lr 0.000004
Step 6750/7177  loss 0.7702  lr 0.000003
Step 6800/7177  loss 0.6008  lr 0.000002
[eval] step 6800  val_loss 0.7027
Step 6850/7177  loss 0.6809  lr 0.000002
Step 6900/7177  loss 0.7383  lr 0.000001
Step 6950/7177  loss 0.6453  lr 0.000001
Step 7000/7177  loss 0.6392  lr 0.000000
[eval] step 7000  val_loss 0.7025
Step 7050/7177  loss 0.7421  lr 0.000000
Step 7100/7177  loss 0.6351  lr 0.000000
Step 7150/7177  loss 0.6831  lr 0.000000
[eval] step 7177  val_loss 0.7022
===========================================
RNN model name:       xl
Parameters:           85,453,152
Final val loss:       0.7022
Steps in 1 epoch:     7177
Total train tokens:   117,587,968
Wall clock seconds:   561.2
Wall clock minutes:   9.4
GPU memory start:     326.65 MB
GPU memory end:       1381.47 MB
GPU memory peak:      5346.20 MB
===========================================
