Using device: cuda  |  mode: train
Vocab size: 103
Model config for large: {'n_layers': 8, 'n_heads': 8, 'd_model': 512}
Model large has 25,403,904 trainable parameters
GPU memory at start: 99.91 MB
Loading datasets (memmap)...
Train effective tokens: 117,599,999
Tokens per step:        16,384
Steps per epoch:        7,177
Starting training for exactly 1 epoch
Step 50/7177  loss 2.6268  lr 0.000043
Step 100/7177  loss 1.9314  lr 0.000085
Step 150/7177  loss 1.8484  lr 0.000127
Step 200/7177  loss 1.5912  lr 0.000168
[eval] step 200  val_loss 1.6502
Step 250/7177  loss 1.5506  lr 0.000210
Step 300/7177  loss 1.7462  lr 0.000252
Step 350/7177  loss 1.6251  lr 0.000294
Step 400/7177  loss 1.6191  lr 0.000300
[eval] step 400  val_loss 1.4251
Step 450/7177  loss 1.2622  lr 0.000300
Step 500/7177  loss 1.3668  lr 0.000300
Step 550/7177  loss 1.1959  lr 0.000299
Step 600/7177  loss 1.4213  lr 0.000299
[eval] step 600  val_loss 1.2068
Step 650/7177  loss 1.3246  lr 0.000299
Step 700/7177  loss 1.2059  lr 0.000298
Step 750/7177  loss 1.2489  lr 0.000298
Step 800/7177  loss 1.0776  lr 0.000297
[eval] step 800  val_loss 1.0995
Step 850/7177  loss 1.1735  lr 0.000296
Step 900/7177  loss 1.1295  lr 0.000295
Step 950/7177  loss 1.3842  lr 0.000294
Step 1000/7177  loss 0.9678  lr 0.000293
[eval] step 1000  val_loss 1.0052
Step 1050/7177  loss 1.0243  lr 0.000292
Step 1100/7177  loss 1.2176  lr 0.000291
Step 1150/7177  loss 0.9873  lr 0.000290
Step 1200/7177  loss 1.0141  lr 0.000289
[eval] step 1200  val_loss 0.9433
Step 1250/7177  loss 0.8930  lr 0.000288
Step 1300/7177  loss 0.9584  lr 0.000286
Step 1350/7177  loss 1.0465  lr 0.000285
Step 1400/7177  loss 0.8341  lr 0.000283
[eval] step 1400  val_loss 0.8929
Step 1450/7177  loss 1.0567  lr 0.000281
Step 1500/7177  loss 0.8940  lr 0.000280
Step 1550/7177  loss 1.0985  lr 0.000278
Step 1600/7177  loss 0.9419  lr 0.000276
[eval] step 1600  val_loss 0.8616
Step 1650/7177  loss 0.9234  lr 0.000274
Step 1700/7177  loss 0.8499  lr 0.000272
Step 1750/7177  loss 0.7626  lr 0.000270
Step 1800/7177  loss 0.8716  lr 0.000268
[eval] step 1800  val_loss 0.8177
Step 1850/7177  loss 0.7227  lr 0.000266
Step 1900/7177  loss 0.7679  lr 0.000264
Step 1950/7177  loss 0.8098  lr 0.000261
Step 2000/7177  loss 0.8280  lr 0.000259
[eval] step 2000  val_loss 0.7919
Step 2050/7177  loss 0.8447  lr 0.000257
Step 2100/7177  loss 0.7329  lr 0.000254
Step 2150/7177  loss 0.8879  lr 0.000252
Step 2200/7177  loss 0.7615  lr 0.000249
[eval] step 2200  val_loss 0.7734
Step 2250/7177  loss 0.7101  lr 0.000247
Step 2300/7177  loss 0.5733  lr 0.000244
Step 2350/7177  loss 0.7552  lr 0.000241
Step 2400/7177  loss 0.5784  lr 0.000238
[eval] step 2400  val_loss 0.7599
Step 2450/7177  loss 0.8060  lr 0.000236
Step 2500/7177  loss 0.6309  lr 0.000233
Step 2550/7177  loss 0.7796  lr 0.000230
Step 2600/7177  loss 0.5392  lr 0.000227
[eval] step 2600  val_loss 0.7307
Step 2650/7177  loss 0.7504  lr 0.000224
Step 2700/7177  loss 0.7497  lr 0.000221
Step 2750/7177  loss 0.6867  lr 0.000218
Step 2800/7177  loss 0.7219  lr 0.000215
[eval] step 2800  val_loss 0.7103
Step 2850/7177  loss 0.6256  lr 0.000212
Step 2900/7177  loss 0.7695  lr 0.000208
Step 2950/7177  loss 0.5484  lr 0.000205
Step 3000/7177  loss 0.9778  lr 0.000202
[eval] step 3000  val_loss 0.6984
Step 3050/7177  loss 0.6747  lr 0.000199
Step 3100/7177  loss 0.6867  lr 0.000195
Step 3150/7177  loss 0.7739  lr 0.000192
Step 3200/7177  loss 0.7989  lr 0.000189
[eval] step 3200  val_loss 0.6924
Step 3250/7177  loss 0.6536  lr 0.000185
Step 3300/7177  loss 0.5521  lr 0.000182
Step 3350/7177  loss 0.7714  lr 0.000179
Step 3400/7177  loss 0.8174  lr 0.000175
[eval] step 3400  val_loss 0.6754
Step 3450/7177  loss 0.6257  lr 0.000172
Step 3500/7177  loss 0.7129  lr 0.000168
Step 3550/7177  loss 0.7727  lr 0.000165
Step 3600/7177  loss 0.6475  lr 0.000162
[eval] step 3600  val_loss 0.6615
Step 3650/7177  loss 0.7413  lr 0.000158
Step 3700/7177  loss 0.6510  lr 0.000155
Step 3750/7177  loss 0.5532  lr 0.000151
Step 3800/7177  loss 0.6860  lr 0.000148
[eval] step 3800  val_loss 0.6584
Step 3850/7177  loss 0.6621  lr 0.000144
Step 3900/7177  loss 0.6206  lr 0.000141
Step 3950/7177  loss 0.8293  lr 0.000137
Step 4000/7177  loss 0.4509  lr 0.000134
[eval] step 4000  val_loss 0.6513
Step 4050/7177  loss 0.7237  lr 0.000131
Step 4100/7177  loss 0.5325  lr 0.000127
Step 4150/7177  loss 0.5295  lr 0.000124
Step 4200/7177  loss 0.5195  lr 0.000120
[eval] step 4200  val_loss 0.6447
Step 4250/7177  loss 0.5979  lr 0.000117
Step 4300/7177  loss 0.7393  lr 0.000114
Step 4350/7177  loss 0.7255  lr 0.000110
Step 4400/7177  loss 0.5784  lr 0.000107
[eval] step 4400  val_loss 0.6397
Step 4450/7177  loss 0.6541  lr 0.000104
Step 4500/7177  loss 0.6883  lr 0.000100
Step 4550/7177  loss 0.5967  lr 0.000097
Step 4600/7177  loss 0.7552  lr 0.000094
[eval] step 4600  val_loss 0.6349
Step 4650/7177  loss 0.8483  lr 0.000091
Step 4700/7177  loss 0.6718  lr 0.000088
Step 4750/7177  loss 0.9588  lr 0.000084
Step 4800/7177  loss 0.5946  lr 0.000081
[eval] step 4800  val_loss 0.6222
Step 4850/7177  loss 0.7361  lr 0.000078
Step 4900/7177  loss 0.6369  lr 0.000075
Step 4950/7177  loss 0.5012  lr 0.000072
Step 5000/7177  loss 0.6991  lr 0.000069
[eval] step 5000  val_loss 0.6239
Step 5050/7177  loss 0.7378  lr 0.000066
Step 5100/7177  loss 0.5359  lr 0.000064
Step 5150/7177  loss 0.6561  lr 0.000061
Step 5200/7177  loss 0.7224  lr 0.000058
[eval] step 5200  val_loss 0.6196
Step 5250/7177  loss 0.6079  lr 0.000055
Step 5300/7177  loss 0.7832  lr 0.000053
Step 5350/7177  loss 0.4574  lr 0.000050
Step 5400/7177  loss 0.6071  lr 0.000048
[eval] step 5400  val_loss 0.6108
Step 5450/7177  loss 0.6532  lr 0.000045
Step 5500/7177  loss 0.6562  lr 0.000043
Step 5550/7177  loss 0.5349  lr 0.000040
Step 5600/7177  loss 0.4260  lr 0.000038
[eval] step 5600  val_loss 0.6079
Step 5650/7177  loss 0.7128  lr 0.000036
Step 5700/7177  loss 0.7026  lr 0.000033
Step 5750/7177  loss 0.6589  lr 0.000031
Step 5800/7177  loss 0.5806  lr 0.000029
[eval] step 5800  val_loss 0.6071
Step 5850/7177  loss 0.6295  lr 0.000027
Step 5900/7177  loss 0.8060  lr 0.000025
Step 5950/7177  loss 0.5318  lr 0.000023
Step 6000/7177  loss 0.6233  lr 0.000022
[eval] step 6000  val_loss 0.5993
Step 6050/7177  loss 0.4784  lr 0.000020
Step 6100/7177  loss 0.5540  lr 0.000018
Step 6150/7177  loss 0.6096  lr 0.000016
Step 6200/7177  loss 0.5897  lr 0.000015
[eval] step 6200  val_loss 0.5994
Step 6250/7177  loss 0.7942  lr 0.000013
Step 6300/7177  loss 0.6998  lr 0.000012
Step 6350/7177  loss 0.6550  lr 0.000011
Step 6400/7177  loss 0.6580  lr 0.000010
[eval] step 6400  val_loss 0.5986
Step 6450/7177  loss 0.5333  lr 0.000008
Step 6500/7177  loss 0.6587  lr 0.000007
Step 6550/7177  loss 0.6577  lr 0.000006
Step 6600/7177  loss 0.5699  lr 0.000005
[eval] step 6600  val_loss 0.5949
Step 6650/7177  loss 0.6808  lr 0.000004
Step 6700/7177  loss 0.4275  lr 0.000004
Step 6750/7177  loss 0.7156  lr 0.000003
Step 6800/7177  loss 0.5111  lr 0.000002
[eval] step 6800  val_loss 0.5948
Step 6850/7177  loss 0.6296  lr 0.000002
Step 6900/7177  loss 0.6694  lr 0.000001
Step 6950/7177  loss 0.5705  lr 0.000001
Step 7000/7177  loss 0.5137  lr 0.000000
[eval] step 7000  val_loss 0.5945
Step 7050/7177  loss 0.6853  lr 0.000000
Step 7100/7177  loss 0.5655  lr 0.000000
Step 7150/7177  loss 0.6087  lr 0.000000
[eval] step 7177  val_loss 0.5936
===========================================
Model name:          large
Parameters:          25,403,904
Final val loss:      0.5936
Steps in 1 epoch:    7177
Total train tokens:  117,587,968
Wall clock seconds:  616.9
Wall clock minutes:  10.3
GPU memory start:     99.91 MB
GPU memory end:       465.32 MB
GPU memory peak:      7157.12 MB
===========================================
