Using device: cuda  |  mode: train
Vocab size: 103
Model config for tiny: {'n_layers': 2, 'n_heads': 4, 'd_model': 128}
Model tiny has 442,752 trainable parameters
GPU memory at start: 2.19 MB
Loading datasets (memmap)...
Train effective tokens: 117,599,999
Tokens per step:        16,384
Steps per epoch:        7,177
Starting training for exactly 1 epoch
Step 50/7177  loss 4.0793  lr 0.000043
Step 100/7177  loss 3.5151  lr 0.000085
Step 150/7177  loss 3.0466  lr 0.000127
Step 200/7177  loss 2.3538  lr 0.000168
[eval] step 200  val_loss 2.4622
Step 250/7177  loss 2.2128  lr 0.000210
Step 300/7177  loss 2.0466  lr 0.000252
Step 350/7177  loss 1.9810  lr 0.000294
Step 400/7177  loss 1.9836  lr 0.000300
[eval] step 400  val_loss 1.7785
Step 450/7177  loss 1.6034  lr 0.000300
Step 500/7177  loss 1.7795  lr 0.000300
Step 550/7177  loss 1.6356  lr 0.000299
Step 600/7177  loss 1.8123  lr 0.000299
[eval] step 600  val_loss 1.6422
Step 650/7177  loss 1.7826  lr 0.000299
Step 700/7177  loss 1.5396  lr 0.000298
Step 750/7177  loss 1.6242  lr 0.000298
Step 800/7177  loss 1.5728  lr 0.000297
[eval] step 800  val_loss 1.5569
Step 850/7177  loss 1.6401  lr 0.000296
Step 900/7177  loss 1.6123  lr 0.000295
Step 950/7177  loss 1.7560  lr 0.000294
Step 1000/7177  loss 1.4683  lr 0.000293
[eval] step 1000  val_loss 1.4703
Step 1050/7177  loss 1.4145  lr 0.000292
Step 1100/7177  loss 1.6902  lr 0.000291
Step 1150/7177  loss 1.5117  lr 0.000290
Step 1200/7177  loss 1.4943  lr 0.000289
[eval] step 1200  val_loss 1.4162
Step 1250/7177  loss 1.3281  lr 0.000288
Step 1300/7177  loss 1.4388  lr 0.000286
Step 1350/7177  loss 1.5549  lr 0.000285
Step 1400/7177  loss 1.2712  lr 0.000283
[eval] step 1400  val_loss 1.3602
Step 1450/7177  loss 1.4814  lr 0.000281
Step 1500/7177  loss 1.3704  lr 0.000280
Step 1550/7177  loss 1.6447  lr 0.000278
Step 1600/7177  loss 1.4193  lr 0.000276
[eval] step 1600  val_loss 1.3182
Step 1650/7177  loss 1.3433  lr 0.000274
Step 1700/7177  loss 1.3339  lr 0.000272
Step 1750/7177  loss 1.1721  lr 0.000270
Step 1800/7177  loss 1.3699  lr 0.000268
[eval] step 1800  val_loss 1.2860
Step 1850/7177  loss 1.1780  lr 0.000266
Step 1900/7177  loss 1.2586  lr 0.000264
Step 1950/7177  loss 1.2730  lr 0.000261
Step 2000/7177  loss 1.3297  lr 0.000259
[eval] step 2000  val_loss 1.2625
Step 2050/7177  loss 1.3497  lr 0.000257
Step 2100/7177  loss 1.1861  lr 0.000254
Step 2150/7177  loss 1.3890  lr 0.000252
Step 2200/7177  loss 1.3266  lr 0.000249
[eval] step 2200  val_loss 1.2292
Step 2250/7177  loss 1.2733  lr 0.000247
Step 2300/7177  loss 1.0808  lr 0.000244
Step 2350/7177  loss 1.2948  lr 0.000241
Step 2400/7177  loss 1.1692  lr 0.000238
[eval] step 2400  val_loss 1.2307
Step 2450/7177  loss 1.3069  lr 0.000236
Step 2500/7177  loss 1.1272  lr 0.000233
Step 2550/7177  loss 1.2395  lr 0.000230
Step 2600/7177  loss 0.9974  lr 0.000227
[eval] step 2600  val_loss 1.1815
Step 2650/7177  loss 1.2434  lr 0.000224
Step 2700/7177  loss 1.2885  lr 0.000221
Step 2750/7177  loss 1.2414  lr 0.000218
Step 2800/7177  loss 1.2334  lr 0.000215
[eval] step 2800  val_loss 1.1620
Step 2850/7177  loss 1.0733  lr 0.000212
Step 2900/7177  loss 1.2053  lr 0.000208
Step 2950/7177  loss 1.1335  lr 0.000205
Step 3000/7177  loss 1.4099  lr 0.000202
[eval] step 3000  val_loss 1.1494
Step 3050/7177  loss 1.1947  lr 0.000199
Step 3100/7177  loss 1.3256  lr 0.000195
Step 3150/7177  loss 1.3299  lr 0.000192
Step 3200/7177  loss 1.2771  lr 0.000189
[eval] step 3200  val_loss 1.1353
Step 3250/7177  loss 1.1414  lr 0.000185
Step 3300/7177  loss 1.0060  lr 0.000182
Step 3350/7177  loss 1.2980  lr 0.000179
Step 3400/7177  loss 1.2575  lr 0.000175
[eval] step 3400  val_loss 1.1216
Step 3450/7177  loss 1.1130  lr 0.000172
Step 3500/7177  loss 1.2968  lr 0.000168
Step 3550/7177  loss 1.3535  lr 0.000165
Step 3600/7177  loss 1.1449  lr 0.000162
[eval] step 3600  val_loss 1.1075
Step 3650/7177  loss 1.2507  lr 0.000158
Step 3700/7177  loss 1.1031  lr 0.000155
Step 3750/7177  loss 1.0181  lr 0.000151
Step 3800/7177  loss 1.1633  lr 0.000148
[eval] step 3800  val_loss 1.1011
Step 3850/7177  loss 1.2084  lr 0.000144
Step 3900/7177  loss 1.0265  lr 0.000141
Step 3950/7177  loss 1.3378  lr 0.000137
Step 4000/7177  loss 0.9182  lr 0.000134
[eval] step 4000  val_loss 1.0901
Step 4050/7177  loss 1.2626  lr 0.000131
Step 4100/7177  loss 1.0810  lr 0.000127
Step 4150/7177  loss 1.0507  lr 0.000124
Step 4200/7177  loss 0.9878  lr 0.000120
[eval] step 4200  val_loss 1.0804
Step 4250/7177  loss 1.1722  lr 0.000117
Step 4300/7177  loss 1.2630  lr 0.000114
Step 4350/7177  loss 1.2344  lr 0.000110
Step 4400/7177  loss 0.9575  lr 0.000107
[eval] step 4400  val_loss 1.0725
Step 4450/7177  loss 1.1893  lr 0.000104
Step 4500/7177  loss 1.1162  lr 0.000100
Step 4550/7177  loss 1.0997  lr 0.000097
Step 4600/7177  loss 1.1971  lr 0.000094
[eval] step 4600  val_loss 1.0664
Step 4650/7177  loss 1.2742  lr 0.000091
Step 4700/7177  loss 1.2228  lr 0.000088
Step 4750/7177  loss 1.4778  lr 0.000084
Step 4800/7177  loss 1.0467  lr 0.000081
[eval] step 4800  val_loss 1.0569
Step 4850/7177  loss 1.2265  lr 0.000078
Step 4900/7177  loss 1.2483  lr 0.000075
Step 4950/7177  loss 1.0420  lr 0.000072
Step 5000/7177  loss 1.3039  lr 0.000069
[eval] step 5000  val_loss 1.0515
Step 5050/7177  loss 1.2526  lr 0.000066
Step 5100/7177  loss 1.0746  lr 0.000064
Step 5150/7177  loss 1.2676  lr 0.000061
Step 5200/7177  loss 1.2448  lr 0.000058
[eval] step 5200  val_loss 1.0459
Step 5250/7177  loss 1.1025  lr 0.000055
Step 5300/7177  loss 1.3053  lr 0.000053
Step 5350/7177  loss 0.8939  lr 0.000050
Step 5400/7177  loss 1.0960  lr 0.000048
[eval] step 5400  val_loss 1.0433
Step 5450/7177  loss 1.2000  lr 0.000045
Step 5500/7177  loss 1.1679  lr 0.000043
Step 5550/7177  loss 1.0960  lr 0.000040
Step 5600/7177  loss 0.9963  lr 0.000038
[eval] step 5600  val_loss 1.0377
Step 5650/7177  loss 1.2392  lr 0.000036
Step 5700/7177  loss 1.2777  lr 0.000033
Step 5750/7177  loss 1.1270  lr 0.000031
Step 5800/7177  loss 1.0625  lr 0.000029
[eval] step 5800  val_loss 1.0331
Step 5850/7177  loss 1.1553  lr 0.000027
Step 5900/7177  loss 1.2089  lr 0.000025
Step 5950/7177  loss 1.1013  lr 0.000023
Step 6000/7177  loss 1.1679  lr 0.000022
[eval] step 6000  val_loss 1.0294
Step 6050/7177  loss 1.1429  lr 0.000020
Step 6100/7177  loss 1.0694  lr 0.000018
Step 6150/7177  loss 1.1651  lr 0.000016
Step 6200/7177  loss 1.1144  lr 0.000015
[eval] step 6200  val_loss 1.0284
Step 6250/7177  loss 1.3152  lr 0.000013
Step 6300/7177  loss 1.2831  lr 0.000012
Step 6350/7177  loss 1.1783  lr 0.000011
Step 6400/7177  loss 1.1594  lr 0.000010
[eval] step 6400  val_loss 1.0261
Step 6450/7177  loss 1.0822  lr 0.000008
Step 6500/7177  loss 1.0956  lr 0.000007
Step 6550/7177  loss 1.1643  lr 0.000006
Step 6600/7177  loss 1.1434  lr 0.000005
[eval] step 6600  val_loss 1.0249
Step 6650/7177  loss 1.2286  lr 0.000004
Step 6700/7177  loss 1.0346  lr 0.000004
Step 6750/7177  loss 1.1761  lr 0.000003
Step 6800/7177  loss 1.0285  lr 0.000002
[eval] step 6800  val_loss 1.0241
Step 6850/7177  loss 1.2196  lr 0.000002
Step 6900/7177  loss 1.1567  lr 0.000001
Step 6950/7177  loss 1.0363  lr 0.000001
Step 7000/7177  loss 1.0659  lr 0.000000
[eval] step 7000  val_loss 1.0237
Step 7050/7177  loss 1.1959  lr 0.000000
Step 7100/7177  loss 1.0775  lr 0.000000
Step 7150/7177  loss 1.1512  lr 0.000000
[eval] step 7177  val_loss 1.0237
===========================================
Model name:          tiny
Parameters:          442,752
Final val loss:      1.0237
Steps in 1 epoch:    7177
Total train tokens:  117,587,968
Wall clock seconds:  39.9
Wall clock minutes:  0.7
GPU memory start:     2.19 MB
GPU memory end:       77.94 MB
GPU memory peak:      693.18 MB
===========================================
